nohup: ignoring input
Watching for file changes with StatReloader
[26/Nov/2025 15:52:52] "GET / HTTP/1.1" 200 1255
[26/Nov/2025 15:53:11] "GET / HTTP/1.1" 200 1255
[26/Nov/2025 15:53:13] "GET /add/ HTTP/1.1" 200 1253
[26/Nov/2025 15:53:15] "GET /home/ HTTP/1.1" 200 848
[26/Nov/2025 15:53:20] "GET / HTTP/1.1" 200 1255
[26/Nov/2025 15:53:22] "GET /home/ HTTP/1.1" 200 848
[26/Nov/2025 19:33:33] "GET /home/ HTTP/1.1" 200 848
[26/Nov/2025 19:33:33] "GET /static/todo/css/styles.css HTTP/1.1" 200 2010
[26/Nov/2025 19:33:42] "GET /add/ HTTP/1.1" 200 1253
[26/Nov/2025 19:33:45] "GET / HTTP/1.1" 200 1255
[26/Nov/2025 19:33:56] "GET /home/ HTTP/1.1" 200 848
[26/Nov/2025 19:33:58] "GET / HTTP/1.1" 200 1255
[26/Nov/2025 19:34:01] "GET / HTTP/1.1" 200 1255
[26/Nov/2025 19:34:26] "GET /add/ HTTP/1.1" 200 1253
[26/Nov/2025 19:34:32] "POST /add/ HTTP/1.1" 302 0
[26/Nov/2025 19:34:32] "GET / HTTP/1.1" 200 1531
[26/Nov/2025 19:34:39] "GET /add/ HTTP/1.1" 200 1253
[26/Nov/2025 19:34:44] "GET /home/ HTTP/1.1" 200 848
[26/Nov/2025 19:34:47] "GET / HTTP/1.1" 200 1531
/home/devin/Documents/ai-dev-tools/Assignment1/django-todo/todo/views.py changed, reloading.
Performing system checks...

System check identified no issues (0 silenced).
November 26, 2025 - 15:52:34
Django version 5.2.8, using settings 'todo_project.settings'
Starting development server at http://127.0.0.1:8000/
Quit the server with CONTROL-C.

WARNING: This is a development server. Do not use it in a production setting. Use a production WSGI or ASGI server instead.
For more information on production servers see: https://docs.djangoproject.com/en/5.2/howto/deployment/
Watching for file changes with StatReloader
/home/devin/Documents/ai-dev-tools/Assignment1/django-todo/todo/admin.py changed, reloading.
Performing system checks...

System check identified no issues (0 silenced).
November 26, 2025 - 19:36:06
Django version 5.2.8, using settings 'todo_project.settings'
Starting development server at http://127.0.0.1:8000/
Quit the server with CONTROL-C.

WARNING: This is a development server. Do not use it in a production setting. Use a production WSGI or ASGI server instead.
For more information on production servers see: https://docs.djangoproject.com/en/5.2/howto/deployment/
Watching for file changes with StatReloader
/home/devin/Documents/ai-dev-tools/Assignment1/django-todo/todo/views.py changed, reloading.
Performing system checks...

System check identified no issues (0 silenced).
November 26, 2025 - 19:36:13
Django version 5.2.8, using settings 'todo_project.settings'
Starting development server at http://127.0.0.1:8000/
Quit the server with CONTROL-C.

WARNING: This is a development server. Do not use it in a production setting. Use a production WSGI or ASGI server instead.
For more information on production servers see: https://docs.djangoproject.com/en/5.2/howto/deployment/
Watching for file changes with StatReloader
[26/Nov/2025 19:40:04] "GET / HTTP/1.1" 200 1563
[26/Nov/2025 19:40:06] "GET / HTTP/1.1" 200 1563
[26/Nov/2025 19:40:09] "GET /home/ HTTP/1.1" 200 848
[26/Nov/2025 19:40:11] "GET / HTTP/1.1" 200 1563
[26/Nov/2025 19:40:14] "GET /add/ HTTP/1.1" 200 1384
[26/Nov/2025 19:40:17] "GET / HTTP/1.1" 200 1563
[26/Nov/2025 19:40:20] "GET /2/edit/ HTTP/1.1" 200 1399
[26/Nov/2025 19:40:35] "POST /2/edit/ HTTP/1.1" 302 0
[26/Nov/2025 19:40:35] "GET / HTTP/1.1" 200 1577
[26/Nov/2025 19:41:13] "GET /2/ HTTP/1.1" 200 812
[26/Nov/2025 19:41:17] "GET /2/edit/ HTTP/1.1" 200 1427
[26/Nov/2025 19:41:24] "POST /2/edit/ HTTP/1.1" 302 0
[26/Nov/2025 19:41:24] "GET / HTTP/1.1" 200 1586
[26/Nov/2025 19:41:32] "GET /2/delete/ HTTP/1.1" 200 862
[26/Nov/2025 19:41:34] "POST /2/delete/ HTTP/1.1" 302 0
[26/Nov/2025 19:41:34] "GET / HTTP/1.1" 200 1255
/home/devin/Documents/ai-dev-tools/Assignment1/django-todo/todo/views.py changed, reloading.
Performing system checks...

System check identified no issues (0 silenced).
November 26, 2025 - 19:36:29
Django version 5.2.8, using settings 'todo_project.settings'
Starting development server at http://127.0.0.1:8000/
Quit the server with CONTROL-C.

WARNING: This is a development server. Do not use it in a production setting. Use a production WSGI or ASGI server instead.
For more information on production servers see: https://docs.djangoproject.com/en/5.2/howto/deployment/
Watching for file changes with StatReloader
/home/devin/Documents/ai-dev-tools/Assignment1/django-todo/todo/urls.py changed, reloading.
Performing system checks...

System check identified no issues (0 silenced).
November 26, 2025 - 19:44:06
Django version 5.2.8, using settings 'todo_project.settings'
Starting development server at http://127.0.0.1:8000/
Quit the server with CONTROL-C.

WARNING: This is a development server. Do not use it in a production setting. Use a production WSGI or ASGI server instead.
For more information on production servers see: https://docs.djangoproject.com/en/5.2/howto/deployment/
Watching for file changes with StatReloader
/home/devin/Documents/ai-dev-tools/Assignment1/django-todo/todo/forms.py changed, reloading.
Performing system checks...

System check identified no issues (0 silenced).
November 26, 2025 - 19:44:13
Django version 5.2.8, using settings 'todo_project.settings'
Starting development server at http://127.0.0.1:8000/
Quit the server with CONTROL-C.

WARNING: This is a development server. Do not use it in a production setting. Use a production WSGI or ASGI server instead.
For more information on production servers see: https://docs.djangoproject.com/en/5.2/howto/deployment/
Watching for file changes with StatReloader
[26/Nov/2025 19:45:03] "GET /home/ HTTP/1.1" 200 848
[26/Nov/2025 19:45:04] "GET /home/ HTTP/1.1" 200 848
[26/Nov/2025 19:45:07] "GET /add/ HTTP/1.1" 200 1384
/home/devin/Documents/ai-dev-tools/Assignment1/django-todo/venv/lib/python3.13/site-packages/django/db/models/fields/__init__.py:1612: RuntimeWarning: DateTimeField Todo.due_date received a naive datetime (2025-12-03 00:00:00) while time zone support is active.
  warnings.warn(
[26/Nov/2025 19:45:37] "POST /add/ HTTP/1.1" 302 0
[26/Nov/2025 19:45:37] "GET / HTTP/1.1" 200 2053
[26/Nov/2025 19:45:40] "POST /3/toggle/ HTTP/1.1" 302 0
[26/Nov/2025 19:45:40] "GET / HTTP/1.1" 200 2069
[26/Nov/2025 19:45:45] "GET /3/delete/ HTTP/1.1" 200 862
[26/Nov/2025 19:45:47] "POST /3/delete/ HTTP/1.1" 302 0
[26/Nov/2025 19:45:47] "GET / HTTP/1.1" 200 1255
